<?xml version="1.0" encoding="UTF-8"?>
<!-- Generated by org.testng.reporters.JUnitReportReporter -->
<testsuite hostname="DESKTOP-48Q58V6" failures="0" tests="1" name="testCases.TC004_Searchproduct" time="2.093" errors="0" timestamp="2024-03-21T22:53:56 IST" skipped="0">
  <testcase classname="testCases.TC004_Searchproduct" name="search" time="2.093"/>
</testsuite> <!-- testCases.TC004_Searchproduct -->
