<?xml version="1.0" encoding="UTF-8"?>
<!-- Generated by org.testng.reporters.JUnitReportReporter -->
<testsuite hostname="DESKTOP-48Q58V6" failures="0" tests="1" name="testCases.TC002_LoginTest" time="1.996" errors="0" timestamp="2024-03-24T23:08:43 IST" skipped="0">
  <testcase classname="testCases.TC002_LoginTest" name="verifylogin" time="1.996"/>
</testsuite> <!-- testCases.TC002_LoginTest -->
