<?xml version="1.0" encoding="UTF-8"?>
<!-- Generated by org.testng.reporters.JUnitReportReporter -->
<testsuite hostname="DESKTOP-48Q58V6" failures="0" tests="2" name="testCases.TC004_Searchproduct" time="3.385" errors="0" timestamp="2024-03-22T20:31:22 IST" skipped="0">
  <testcase classname="testCases.TC004_Searchproduct" name="search" time="1.911"/>
  <testcase classname="testCases.TC004_Searchproduct" name="invalidsearch" time="1.474"/>
</testsuite> <!-- testCases.TC004_Searchproduct -->
