<?xml version="1.0" encoding="UTF-8"?>
<!-- Generated by org.testng.reporters.JUnitReportReporter -->
<testsuite hostname="DESKTOP-48Q58V6" failures="0" tests="3" name="testCases.TC005_AddToCart" time="4.282" errors="0" timestamp="2024-03-24T23:20:28 IST" skipped="0">
  <testcase classname="testCases.TC005_AddToCart" name="logintoApp" time="2.041"/>
  <testcase classname="testCases.TC005_AddToCart" name="validateCart" time="1.196"/>
  <testcase classname="testCases.TC005_AddToCart" name="additeamtocart" time="1.045"/>
</testsuite> <!-- testCases.TC005_AddToCart -->
