<?xml version="1.0" encoding="UTF-8"?>
<!-- Generated by org.testng.reporters.JUnitReportReporter -->
<testsuite hostname="DESKTOP-48Q58V6" failures="0" tests="2" name="testCases.TC004_Searchproduct" time="3.394" errors="0" timestamp="2024-03-22T20:41:26 IST" skipped="0">
  <testcase classname="testCases.TC004_Searchproduct" name="search" time="1.711"/>
  <testcase classname="testCases.TC004_Searchproduct" name="invalidsearch" time="1.683"/>
</testsuite> <!-- testCases.TC004_Searchproduct -->
