<?xml version="1.0" encoding="UTF-8"?>
<!-- Generated by org.testng.reporters.JUnitReportReporter -->
<testsuite hostname="DESKTOP-48Q58V6" failures="0" tests="2" name="testCases.TC004_Searchproduct" time="2.796" errors="0" timestamp="2024-03-24T12:35:28 IST" skipped="0">
  <testcase classname="testCases.TC004_Searchproduct" name="search" time="1.468"/>
  <testcase classname="testCases.TC004_Searchproduct" name="invalidsearch" time="1.328"/>
</testsuite> <!-- testCases.TC004_Searchproduct -->
